<?xml version="1.0" encoding="UTF-8"?>
<testng-results skipped="0" failed="0" total="1" passed="1">
  <reporter-output>
  </reporter-output>
  <suite name="Default suite" duration-ms="51501" started-at="2017-08-08T09:18:00Z" finished-at="2017-08-08T09:18:51Z">
    <groups>
    </groups>
    <test name="Default test" duration-ms="51501" started-at="2017-08-08T09:18:00Z" finished-at="2017-08-08T09:18:51Z">
      <class name="testCases.VerifyLoginPage">
        <test-method status="PASS" signature="setUp()[pri:0, instance:testCases.VerifyLoginPage@1832929]" name="setUp" is-config="true" duration-ms="29022" started-at="2017-08-08T14:48:00Z" finished-at="2017-08-08T14:48:29Z">
          <reporter-output>
          </reporter-output>
        </test-method> <!-- setUp -->
        <test-method status="PASS" signature="OpenLoginPage()[pri:0, instance:testCases.VerifyLoginPage@1832929]" name="OpenLoginPage" duration-ms="19514" started-at="2017-08-08T14:48:29Z" finished-at="2017-08-08T14:48:48Z">
          <reporter-output>
          </reporter-output>
        </test-method> <!-- OpenLoginPage -->
        <test-method status="PASS" signature="tearDown()[pri:0, instance:testCases.VerifyLoginPage@1832929]" name="tearDown" is-config="true" duration-ms="2933" started-at="2017-08-08T14:48:48Z" finished-at="2017-08-08T14:48:51Z">
          <reporter-output>
          </reporter-output>
        </test-method> <!-- tearDown -->
      </class> <!-- testCases.VerifyLoginPage -->
    </test> <!-- Default test -->
  </suite> <!-- Default suite -->
</testng-results>
